<?xml version="1.0" encoding="UTF-8"?>
<testng-results ignored="0" total="1" passed="1" failed="0" skipped="0">
  <reporter-output>
    <line>
      <![CDATA[Launching kite app]]>
    </line>
    <line>
      <![CDATA[TC Execution is Started kiteuserValidation]]>
    </line>
    <line>
      <![CDATA[Taken Screenshot]]>
    </line>
    <line>
      <![CDATA[TC Execution is Successful ]]>
    </line>
  </reporter-output>
  <suite started-at="2022-08-08T21:58:32 IST" name="Default suite" finished-at="2022-08-08T21:58:43 IST" duration-ms="10674">
    <groups>
    </groups>
    <test started-at="2022-08-08T21:58:32 IST" name="Default test" finished-at="2022-08-08T21:58:43 IST" duration-ms="10674">
      <class name="kitetest.ValidateKiteUserID">
        <test-method is-config="true" signature="launchBrowser()[pri:0, instance:kitetest.ValidateKiteUserID@606e4010]" started-at="2022-08-08T21:58:32 IST" name="launchBrowser" finished-at="2022-08-08T21:58:37 IST" duration-ms="4627" status="PASS">
          <reporter-output>
            <line>
              <![CDATA[Launching kite app]]>
            </line>
          </reporter-output>
        </test-method> <!-- launchBrowser -->
        <test-method is-config="true" signature="loginToKiteApp()[pri:0, instance:kitetest.ValidateKiteUserID@606e4010]" started-at="2022-08-08T21:58:37 IST" name="loginToKiteApp" finished-at="2022-08-08T21:58:37 IST" duration-ms="688" status="PASS">
          <reporter-output>
          </reporter-output>
        </test-method> <!-- loginToKiteApp -->
        <test-method signature="kiteuserValidation()[pri:0, instance:kitetest.ValidateKiteUserID@606e4010]" started-at="2022-08-08T21:58:37 IST" name="kiteuserValidation" finished-at="2022-08-08T21:58:40 IST" duration-ms="2354" status="PASS">
          <reporter-output>
            <line>
              <![CDATA[TC Execution is Started kiteuserValidation]]>
            </line>
            <line>
              <![CDATA[Taken Screenshot]]>
            </line>
            <line>
              <![CDATA[TC Execution is Successful ]]>
            </line>
          </reporter-output>
        </test-method> <!-- kiteuserValidation -->
        <test-method is-config="true" signature="logoutfromkiteapp()[pri:0, instance:kitetest.ValidateKiteUserID@606e4010]" started-at="2022-08-08T21:58:40 IST" name="logoutfromkiteapp" finished-at="2022-08-08T21:58:42 IST" duration-ms="2757" status="PASS">
          <reporter-output>
          </reporter-output>
        </test-method> <!-- logoutfromkiteapp -->
        <test-method is-config="true" signature="closeBrower()[pri:0, instance:kitetest.ValidateKiteUserID@606e4010]" started-at="2022-08-08T21:58:42 IST" name="closeBrower" finished-at="2022-08-08T21:58:43 IST" duration-ms="207" status="PASS">
          <reporter-output>
          </reporter-output>
        </test-method> <!-- closeBrower -->
      </class> <!-- kitetest.ValidateKiteUserID -->
    </test> <!-- Default test -->
  </suite> <!-- Default suite -->
</testng-results>
